[0209/100429.076:ERROR:angle_platform_impl.cc(47)] testDeviceLost(1884): The D3D11 device was removed, HRESULT: 0x887A0005
[0209/100429.076:ERROR:raster_decoder.cc(1242)] RasterDecoder context lost via ARB/EXT_robustness. Reset status = GL_UNKNOWN_CONTEXT_RESET_KHR
[0209/100429.076:ERROR:raster_decoder.cc(985)]   RasterDecoderImpl: Context reset detected after MakeCurrent.
[0209/100429.076:ERROR:gpu_channel_manager.cc(218)] Exiting GPU process because some drivers cannot recover from problems.
[0209/100429.076:ERROR:gpu_channel_manager.cc(218)] Exiting GPU process because some drivers cannot recover from problems.
[0209/100429.076:ERROR:gpu_channel_manager.cc(218)] Exiting GPU process because some drivers cannot recover from problems.
[0209/100429.076:ERROR:gpu_channel_manager.cc(218)] Exiting GPU process because some drivers cannot recover from problems.
[0209/100429.076:ERROR:gpu_channel_manager.cc(218)] Exiting GPU process because some drivers cannot recover from problems.
[0209/100429.076:ERROR:gpu_channel_manager.cc(218)] Exiting GPU process because some drivers cannot recover from problems.
[0209/100429.076:ERROR:gpu_channel_manager.cc(218)] Exiting GPU process because some drivers cannot recover from problems.
[0209/100429.076:ERROR:gpu_channel_manager.cc(218)] Exiting GPU process because some drivers cannot recover from problems.
[0209/100429.077:ERROR:gpu_channel_manager.cc(218)] Exiting GPU process because some drivers cannot recover from problems.
[0209/100429.077:ERROR:gl_surface_egl.cc(537)] EGL Driver message (Critical) eglMakeCurrent: display had a context loss
[0209/100429.077:ERROR:gl_surface_egl.cc(537)] EGL Driver message (Critical) eglMakeCurrent: Context lost.
[0209/100429.077:ERROR:gl_surface_egl.cc(537)] EGL Driver message (Critical) eglDestroyContext: display had a context loss
[0209/100429.077:ERROR:gl_context_egl.cc(211)] eglDestroyContext failed with error EGL_CONTEXT_LOST
[0209/100429.077:ERROR:gl_surface_egl.cc(537)] EGL Driver message (Critical) eglMakeCurrent: display had a context loss
[0209/100429.077:ERROR:gl_surface_egl.cc(537)] EGL Driver message (Critical) eglDestroyContext: display had a context loss
[0209/100429.077:ERROR:gl_context_egl.cc(211)] eglDestroyContext failed with error EGL_CONTEXT_LOST
[0209/100429.078:ERROR:gl_surface_egl.cc(537)] EGL Driver message (Critical) eglMakeCurrent: display had a context loss
[0209/100429.078:ERROR:gl_surface_egl.cc(537)] EGL Driver message (Critical) eglDestroyContext: display had a context loss
[0209/100429.078:ERROR:gl_context_egl.cc(211)] eglDestroyContext failed with error EGL_CONTEXT_LOST
[0209/100429.078:ERROR:gl_surface_egl.cc(537)] EGL Driver message (Critical) eglMakeCurrent: display had a context loss
[0209/100429.078:ERROR:gl_surface_egl.cc(537)] EGL Driver message (Critical) eglDestroyContext: display had a context loss
[0209/100429.078:ERROR:gl_context_egl.cc(211)] eglDestroyContext failed with error EGL_CONTEXT_LOST
[0209/100429.078:ERROR:gl_surface_egl.cc(537)] EGL Driver message (Critical) eglMakeCurrent: display had a context loss
[0209/100429.078:ERROR:gl_surface_egl.cc(537)] EGL Driver message (Critical) eglDestroyContext: display had a context loss
[0209/100429.078:ERROR:gl_context_egl.cc(211)] eglDestroyContext failed with error EGL_CONTEXT_LOST
[0209/100429.079:ERROR:gl_bindings_autogen_gl.cc(14114)] Trying to call glDeleteTextures without current GL context
[0209/100429.079:ERROR:gl_surface_egl.cc(537)] EGL Driver message (Critical) eglMakeCurrent: Context lost.
[0209/100429.079:ERROR:gl_surface_egl.cc(537)] EGL Driver message (Critical) eglMakeCurrent: display had a context loss
[0209/100429.079:ERROR:gl_surface_egl.cc(537)] EGL Driver message (Critical) eglDestroyContext: display had a context loss
[0209/100429.079:ERROR:gl_context_egl.cc(211)] eglDestroyContext failed with error EGL_CONTEXT_LOST
[0209/100429.080:ERROR:gl_surface_egl.cc(537)] EGL Driver message (Critical) eglDestroySurface: display had a context loss
[0209/100429.080:ERROR:gl_surface_egl.cc(1171)] eglDestroySurface failed with error EGL_CONTEXT_LOST
[0209/100429.080:ERROR:gl_surface_egl.cc(537)] EGL Driver message (Critical) eglMakeCurrent: display had a context loss
[0209/100429.080:ERROR:gl_surface_egl.cc(537)] EGL Driver message (Critical) eglDestroyContext: display had a context loss
[0209/100429.080:ERROR:gl_context_egl.cc(211)] eglDestroyContext failed with error EGL_CONTEXT_LOST
[0209/100429.080:ERROR:gl_surface_egl.cc(537)] EGL Driver message (Critical) eglDestroySurface: display had a context loss
[0209/100429.080:ERROR:gl_surface_egl.cc(1171)] eglDestroySurface failed with error EGL_CONTEXT_LOST
[0209/100429.080:WARNING:ipc_message_attachment_set.cc(49)] MessageAttachmentSet destroyed with unconsumed attachments: 0/1
[0209/100429.080:ERROR:shared_image_stub.cc(191)] SharedImageStub: context already lost
[0209/100429.080:ERROR:gl_surface_egl.cc(537)] EGL Driver message (Critical) eglDestroyContext: display had a context loss
[0209/100429.080:ERROR:gl_context_egl.cc(211)] eglDestroyContext failed with error EGL_CONTEXT_LOST
